<?xml version="1.0" encoding="UTF-8"?>
<testsuite xmlns:xsi="http://www.w3.org/2001/XMLSchema-instance" xsi:noNamespaceSchemaLocation="https://maven.apache.org/surefire/maven-surefire-plugin/xsd/surefire-test-report.xsd" name="es.ubu.lsi.ELearningQAFacadeTest" time="2.019" tests="21" errors="0" skipped="0" failures="0">
  <properties>
    <property name="sun.desktop" value="windows"/>
    <property name="awt.toolkit" value="sun.awt.windows.WToolkit"/>
    <property name="file.encoding.pkg" value="sun.io"/>
    <property name="java.specification.version" value="1.8"/>
    <property name="sun.cpu.isalist" value="amd64"/>
    <property name="sun.jnu.encoding" value="Cp1252"/>
    <property name="java.class.path" value="C:\Users\pjuli\Desktop\Universidad\Universidad 5ยบ\MoodleQA\Project\prototipo\target\test-classes;C:\Users\pjuli\Desktop\Universidad\Universidad 5ยบ\MoodleQA\Project\prototipo\target\classes;C:\Users\pjuli\.m2\repository\org\springframework\boot\spring-boot-starter-web\2.3.2.RELEASE\spring-boot-starter-web-2.3.2.RELEASE.jar;C:\Users\pjuli\.m2\repository\org\springframework\boot\spring-boot-starter\2.3.2.RELEASE\spring-boot-starter-2.3.2.RELEASE.jar;C:\Users\pjuli\.m2\repository\org\springframework\boot\spring-boot-starter-logging\2.3.2.RELEASE\spring-boot-starter-logging-2.3.2.RELEASE.jar;C:\Users\pjuli\.m2\repository\ch\qos\logback\logback-classic\1.2.3\logback-classic-1.2.3.jar;C:\Users\pjuli\.m2\repository\ch\qos\logback\logback-core\1.2.3\logback-core-1.2.3.jar;C:\Users\pjuli\.m2\repository\org\slf4j\slf4j-api\1.7.30\slf4j-api-1.7.30.jar;C:\Users\pjuli\.m2\repository\org\apache\logging\log4j\log4j-to-slf4j\2.13.3\log4j-to-slf4j-2.13.3.jar;C:\Users\pjuli\.m2\repository\org\slf4j\jul-to-slf4j\1.7.30\jul-to-slf4j-1.7.30.jar;C:\Users\pjuli\.m2\repository\jakarta\annotation\jakarta.annotation-api\1.3.5\jakarta.annotation-api-1.3.5.jar;C:\Users\pjuli\.m2\repository\org\springframework\spring-core\5.2.8.RELEASE\spring-core-5.2.8.RELEASE.jar;C:\Users\pjuli\.m2\repository\org\springframework\spring-jcl\5.2.8.RELEASE\spring-jcl-5.2.8.RELEASE.jar;C:\Users\pjuli\.m2\repository\org\yaml\snakeyaml\1.26\snakeyaml-1.26.jar;C:\Users\pjuli\.m2\repository\org\springframework\boot\spring-boot-starter-json\2.3.2.RELEASE\spring-boot-starter-json-2.3.2.RELEASE.jar;C:\Users\pjuli\.m2\repository\com\fasterxml\jackson\core\jackson-databind\2.11.1\jackson-databind-2.11.1.jar;C:\Users\pjuli\.m2\repository\com\fasterxml\jackson\core\jackson-annotations\2.11.1\jackson-annotations-2.11.1.jar;C:\Users\pjuli\.m2\repository\com\fasterxml\jackson\core\jackson-core\2.11.1\jackson-core-2.11.1.jar;C:\Users\pjuli\.m2\repository\com\fasterxml\jackson\datatype\jackson-datatype-jdk8\2.11.1\jackson-datatype-jdk8-2.11.1.jar;C:\Users\pjuli\.m2\repository\com\fasterxml\jackson\datatype\jackson-datatype-jsr310\2.11.1\jackson-datatype-jsr310-2.11.1.jar;C:\Users\pjuli\.m2\repository\com\fasterxml\jackson\module\jackson-module-parameter-names\2.11.1\jackson-module-parameter-names-2.11.1.jar;C:\Users\pjuli\.m2\repository\org\springframework\boot\spring-boot-starter-tomcat\2.3.2.RELEASE\spring-boot-starter-tomcat-2.3.2.RELEASE.jar;C:\Users\pjuli\.m2\repository\org\glassfish\jakarta.el\3.0.3\jakarta.el-3.0.3.jar;C:\Users\pjuli\.m2\repository\org\apache\tomcat\embed\tomcat-embed-websocket\9.0.37\tomcat-embed-websocket-9.0.37.jar;C:\Users\pjuli\.m2\repository\org\springframework\spring-web\5.2.8.RELEASE\spring-web-5.2.8.RELEASE.jar;C:\Users\pjuli\.m2\repository\org\springframework\spring-beans\5.2.8.RELEASE\spring-beans-5.2.8.RELEASE.jar;C:\Users\pjuli\.m2\repository\org\springframework\spring-webmvc\5.2.8.RELEASE\spring-webmvc-5.2.8.RELEASE.jar;C:\Users\pjuli\.m2\repository\org\springframework\spring-aop\5.2.8.RELEASE\spring-aop-5.2.8.RELEASE.jar;C:\Users\pjuli\.m2\repository\org\springframework\spring-context\5.2.8.RELEASE\spring-context-5.2.8.RELEASE.jar;C:\Users\pjuli\.m2\repository\org\springframework\spring-expression\5.2.8.RELEASE\spring-expression-5.2.8.RELEASE.jar;C:\Users\pjuli\.m2\repository\org\apache\tomcat\embed\tomcat-embed-jasper\9.0.37\tomcat-embed-jasper-9.0.37.jar;C:\Users\pjuli\.m2\repository\org\apache\tomcat\embed\tomcat-embed-core\9.0.37\tomcat-embed-core-9.0.37.jar;C:\Users\pjuli\.m2\repository\org\apache\tomcat\tomcat-annotations-api\9.0.37\tomcat-annotations-api-9.0.37.jar;C:\Users\pjuli\.m2\repository\org\apache\tomcat\embed\tomcat-embed-el\9.0.37\tomcat-embed-el-9.0.37.jar;C:\Users\pjuli\.m2\repository\org\eclipse\jdt\ecj\3.18.0\ecj-3.18.0.jar;C:\Users\pjuli\.m2\repository\org\springframework\boot\spring-boot-devtools\2.3.2.RELEASE\spring-boot-devtools-2.3.2.RELEASE.jar;C:\Users\pjuli\.m2\repository\org\springframework\boot\spring-boot\2.3.2.RELEASE\spring-boot-2.3.2.RELEASE.jar;C:\Users\pjuli\.m2\repository\org\springframework\boot\spring-boot-autoconfigure\2.3.2.RELEASE\spring-boot-autoconfigure-2.3.2.RELEASE.jar;C:\Users\pjuli\.m2\repository\junit\junit\4.13\junit-4.13.jar;C:\Users\pjuli\.m2\repository\org\hamcrest\hamcrest-core\2.2\hamcrest-core-2.2.jar;C:\Users\pjuli\.m2\repository\org\hamcrest\hamcrest\2.2\hamcrest-2.2.jar;C:\Users\pjuli\.m2\repository\org\junit\jupiter\junit-jupiter\5.6.2\junit-jupiter-5.6.2.jar;C:\Users\pjuli\.m2\repository\org\junit\jupiter\junit-jupiter-api\5.6.2\junit-jupiter-api-5.6.2.jar;C:\Users\pjuli\.m2\repository\org\apiguardian\apiguardian-api\1.1.0\apiguardian-api-1.1.0.jar;C:\Users\pjuli\.m2\repository\org\opentest4j\opentest4j\1.2.0\opentest4j-1.2.0.jar;C:\Users\pjuli\.m2\repository\org\junit\platform\junit-platform-commons\1.6.2\junit-platform-commons-1.6.2.jar;C:\Users\pjuli\.m2\repository\org\junit\jupiter\junit-jupiter-params\5.6.2\junit-jupiter-params-5.6.2.jar;C:\Users\pjuli\.m2\repository\org\junit\jupiter\junit-jupiter-engine\5.6.2\junit-jupiter-engine-5.6.2.jar;C:\Users\pjuli\.m2\repository\org\junit\platform\junit-platform-engine\1.6.2\junit-platform-engine-1.6.2.jar;C:\Users\pjuli\.m2\repository\commons-io\commons-io\2.6\commons-io-2.6.jar;C:\Users\pjuli\.m2\repository\org\apache\logging\log4j\log4j-api\2.17.1\log4j-api-2.17.1.jar;C:\Users\pjuli\.m2\repository\org\apache\logging\log4j\log4j-core\2.17.1\log4j-core-2.17.1.jar;"/>
    <property name="java.vm.vendor" value="Oracle Corporation"/>
    <property name="sun.arch.data.model" value="64"/>
    <property name="user.variant" value=""/>
    <property name="java.vendor.url" value="http://java.oracle.com/"/>
    <property name="user.timezone" value="Europe/Paris"/>
    <property name="java.vm.specification.version" value="1.8"/>
    <property name="os.name" value="Windows 10"/>
    <property name="user.country" value="ES"/>
    <property name="sun.java.launcher" value="SUN_STANDARD"/>
    <property name="sun.boot.library.path" value="C:\Java\jdk1.8.0_281\jre\bin"/>
    <property name="sun.java.command" value="C:\Users\pjuli\AppData\Local\Temp\surefire3061741061274655515\surefirebooter4141189326292736938.jar C:\Users\pjuli\AppData\Local\Temp\surefire3061741061274655515 2022-05-13T11-28-52_344-jvmRun1 surefire189098766390946208tmp surefire_01993766359497778613tmp"/>
    <property name="surefire.test.class.path" value="C:\Users\pjuli\Desktop\Universidad\Universidad 5ยบ\MoodleQA\Project\prototipo\target\test-classes;C:\Users\pjuli\Desktop\Universidad\Universidad 5ยบ\MoodleQA\Project\prototipo\target\classes;C:\Users\pjuli\.m2\repository\org\springframework\boot\spring-boot-starter-web\2.3.2.RELEASE\spring-boot-starter-web-2.3.2.RELEASE.jar;C:\Users\pjuli\.m2\repository\org\springframework\boot\spring-boot-starter\2.3.2.RELEASE\spring-boot-starter-2.3.2.RELEASE.jar;C:\Users\pjuli\.m2\repository\org\springframework\boot\spring-boot-starter-logging\2.3.2.RELEASE\spring-boot-starter-logging-2.3.2.RELEASE.jar;C:\Users\pjuli\.m2\repository\ch\qos\logback\logback-classic\1.2.3\logback-classic-1.2.3.jar;C:\Users\pjuli\.m2\repository\ch\qos\logback\logback-core\1.2.3\logback-core-1.2.3.jar;C:\Users\pjuli\.m2\repository\org\slf4j\slf4j-api\1.7.30\slf4j-api-1.7.30.jar;C:\Users\pjuli\.m2\repository\org\apache\logging\log4j\log4j-to-slf4j\2.13.3\log4j-to-slf4j-2.13.3.jar;C:\Users\pjuli\.m2\repository\org\slf4j\jul-to-slf4j\1.7.30\jul-to-slf4j-1.7.30.jar;C:\Users\pjuli\.m2\repository\jakarta\annotation\jakarta.annotation-api\1.3.5\jakarta.annotation-api-1.3.5.jar;C:\Users\pjuli\.m2\repository\org\springframework\spring-core\5.2.8.RELEASE\spring-core-5.2.8.RELEASE.jar;C:\Users\pjuli\.m2\repository\org\springframework\spring-jcl\5.2.8.RELEASE\spring-jcl-5.2.8.RELEASE.jar;C:\Users\pjuli\.m2\repository\org\yaml\snakeyaml\1.26\snakeyaml-1.26.jar;C:\Users\pjuli\.m2\repository\org\springframework\boot\spring-boot-starter-json\2.3.2.RELEASE\spring-boot-starter-json-2.3.2.RELEASE.jar;C:\Users\pjuli\.m2\repository\com\fasterxml\jackson\core\jackson-databind\2.11.1\jackson-databind-2.11.1.jar;C:\Users\pjuli\.m2\repository\com\fasterxml\jackson\core\jackson-annotations\2.11.1\jackson-annotations-2.11.1.jar;C:\Users\pjuli\.m2\repository\com\fasterxml\jackson\core\jackson-core\2.11.1\jackson-core-2.11.1.jar;C:\Users\pjuli\.m2\repository\com\fasterxml\jackson\datatype\jackson-datatype-jdk8\2.11.1\jackson-datatype-jdk8-2.11.1.jar;C:\Users\pjuli\.m2\repository\com\fasterxml\jackson\datatype\jackson-datatype-jsr310\2.11.1\jackson-datatype-jsr310-2.11.1.jar;C:\Users\pjuli\.m2\repository\com\fasterxml\jackson\module\jackson-module-parameter-names\2.11.1\jackson-module-parameter-names-2.11.1.jar;C:\Users\pjuli\.m2\repository\org\springframework\boot\spring-boot-starter-tomcat\2.3.2.RELEASE\spring-boot-starter-tomcat-2.3.2.RELEASE.jar;C:\Users\pjuli\.m2\repository\org\glassfish\jakarta.el\3.0.3\jakarta.el-3.0.3.jar;C:\Users\pjuli\.m2\repository\org\apache\tomcat\embed\tomcat-embed-websocket\9.0.37\tomcat-embed-websocket-9.0.37.jar;C:\Users\pjuli\.m2\repository\org\springframework\spring-web\5.2.8.RELEASE\spring-web-5.2.8.RELEASE.jar;C:\Users\pjuli\.m2\repository\org\springframework\spring-beans\5.2.8.RELEASE\spring-beans-5.2.8.RELEASE.jar;C:\Users\pjuli\.m2\repository\org\springframework\spring-webmvc\5.2.8.RELEASE\spring-webmvc-5.2.8.RELEASE.jar;C:\Users\pjuli\.m2\repository\org\springframework\spring-aop\5.2.8.RELEASE\spring-aop-5.2.8.RELEASE.jar;C:\Users\pjuli\.m2\repository\org\springframework\spring-context\5.2.8.RELEASE\spring-context-5.2.8.RELEASE.jar;C:\Users\pjuli\.m2\repository\org\springframework\spring-expression\5.2.8.RELEASE\spring-expression-5.2.8.RELEASE.jar;C:\Users\pjuli\.m2\repository\org\apache\tomcat\embed\tomcat-embed-jasper\9.0.37\tomcat-embed-jasper-9.0.37.jar;C:\Users\pjuli\.m2\repository\org\apache\tomcat\embed\tomcat-embed-core\9.0.37\tomcat-embed-core-9.0.37.jar;C:\Users\pjuli\.m2\repository\org\apache\tomcat\tomcat-annotations-api\9.0.37\tomcat-annotations-api-9.0.37.jar;C:\Users\pjuli\.m2\repository\org\apache\tomcat\embed\tomcat-embed-el\9.0.37\tomcat-embed-el-9.0.37.jar;C:\Users\pjuli\.m2\repository\org\eclipse\jdt\ecj\3.18.0\ecj-3.18.0.jar;C:\Users\pjuli\.m2\repository\org\springframework\boot\spring-boot-devtools\2.3.2.RELEASE\spring-boot-devtools-2.3.2.RELEASE.jar;C:\Users\pjuli\.m2\repository\org\springframework\boot\spring-boot\2.3.2.RELEASE\spring-boot-2.3.2.RELEASE.jar;C:\Users\pjuli\.m2\repository\org\springframework\boot\spring-boot-autoconfigure\2.3.2.RELEASE\spring-boot-autoconfigure-2.3.2.RELEASE.jar;C:\Users\pjuli\.m2\repository\junit\junit\4.13\junit-4.13.jar;C:\Users\pjuli\.m2\repository\org\hamcrest\hamcrest-core\2.2\hamcrest-core-2.2.jar;C:\Users\pjuli\.m2\repository\org\hamcrest\hamcrest\2.2\hamcrest-2.2.jar;C:\Users\pjuli\.m2\repository\org\junit\jupiter\junit-jupiter\5.6.2\junit-jupiter-5.6.2.jar;C:\Users\pjuli\.m2\repository\org\junit\jupiter\junit-jupiter-api\5.6.2\junit-jupiter-api-5.6.2.jar;C:\Users\pjuli\.m2\repository\org\apiguardian\apiguardian-api\1.1.0\apiguardian-api-1.1.0.jar;C:\Users\pjuli\.m2\repository\org\opentest4j\opentest4j\1.2.0\opentest4j-1.2.0.jar;C:\Users\pjuli\.m2\repository\org\junit\platform\junit-platform-commons\1.6.2\junit-platform-commons-1.6.2.jar;C:\Users\pjuli\.m2\repository\org\junit\jupiter\junit-jupiter-params\5.6.2\junit-jupiter-params-5.6.2.jar;C:\Users\pjuli\.m2\repository\org\junit\jupiter\junit-jupiter-engine\5.6.2\junit-jupiter-engine-5.6.2.jar;C:\Users\pjuli\.m2\repository\org\junit\platform\junit-platform-engine\1.6.2\junit-platform-engine-1.6.2.jar;C:\Users\pjuli\.m2\repository\commons-io\commons-io\2.6\commons-io-2.6.jar;C:\Users\pjuli\.m2\repository\org\apache\logging\log4j\log4j-api\2.17.1\log4j-api-2.17.1.jar;C:\Users\pjuli\.m2\repository\org\apache\logging\log4j\log4j-core\2.17.1\log4j-core-2.17.1.jar;"/>
    <property name="sun.cpu.endian" value="little"/>
    <property name="user.home" value="C:\Users\pjuli"/>
    <property name="user.language" value="es"/>
    <property name="java.specification.vendor" value="Oracle Corporation"/>
    <property name="java.home" value="C:\Java\jdk1.8.0_281\jre"/>
    <property name="basedir" value="C:\Users\pjuli\Desktop\Universidad\Universidad 5ยบ\MoodleQA\Project\prototipo"/>
    <property name="file.separator" value="\"/>
    <property name="line.separator" value="&#10;"/>
    <property name="java.vm.specification.vendor" value="Oracle Corporation"/>
    <property name="java.specification.name" value="Java Platform API Specification"/>
    <property name="java.awt.graphicsenv" value="sun.awt.Win32GraphicsEnvironment"/>
    <property name="surefire.real.class.path" value="C:\Users\pjuli\AppData\Local\Temp\surefire3061741061274655515\surefirebooter4141189326292736938.jar"/>
    <property name="sun.boot.class.path" value="C:\Java\jdk1.8.0_281\jre\lib\resources.jar;C:\Java\jdk1.8.0_281\jre\lib\rt.jar;C:\Java\jdk1.8.0_281\jre\lib\sunrsasign.jar;C:\Java\jdk1.8.0_281\jre\lib\jsse.jar;C:\Java\jdk1.8.0_281\jre\lib\jce.jar;C:\Java\jdk1.8.0_281\jre\lib\charsets.jar;C:\Java\jdk1.8.0_281\jre\lib\jfr.jar;C:\Java\jdk1.8.0_281\jre\classes"/>
    <property name="user.script" value=""/>
    <property name="sun.management.compiler" value="HotSpot 64-Bit Tiered Compilers"/>
    <property name="java.runtime.version" value="1.8.0_281-b09"/>
    <property name="user.name" value="pjuli"/>
    <property name="path.separator" value=";"/>
    <property name="os.version" value="10.0"/>
    <property name="java.endorsed.dirs" value="C:\Java\jdk1.8.0_281\jre\lib\endorsed"/>
    <property name="java.runtime.name" value="Java(TM) SE Runtime Environment"/>
    <property name="file.encoding" value="Cp1252"/>
    <property name="java.vm.name" value="Java HotSpot(TM) 64-Bit Server VM"/>
    <property name="localRepository" value="C:\Users\pjuli\.m2\repository"/>
    <property name="java.vendor.url.bug" value="http://bugreport.sun.com/bugreport/"/>
    <property name="java.io.tmpdir" value="C:\Users\pjuli\AppData\Local\Temp\"/>
    <property name="idea.version" value="2021.2.3"/>
    <property name="java.version" value="1.8.0_281"/>
    <property name="user.dir" value="C:\Users\pjuli\Desktop\Universidad\Universidad 5ยบ\MoodleQA\Project\prototipo"/>
    <property name="os.arch" value="amd64"/>
    <property name="java.vm.specification.name" value="Java Virtual Machine Specification"/>
    <property name="java.awt.printerjob" value="sun.awt.windows.WPrinterJob"/>
    <property name="sun.os.patch.level" value=""/>
    <property name="java.library.path" value="C:\Java\jdk1.8.0_281\jre\bin;C:\WINDOWS\Sun\Java\bin;C:\WINDOWS\system32;C:\WINDOWS;C:\Program Files (x86)\VMware\VMware Player\bin\;C:\Program Files (x86)\Common Files\Oracle\Java\javapath;C:\Program Files\Microsoft MPI\Bin\;C:\windows\system32;C:\windows;C:\windows\System32\Wbem;C:\windows\System32\WindowsPowerShell\v1.0\;C:\windows\System32\OpenSSH\;C:\Program Files (x86)\NVIDIA Corporation\PhysX\Common;C:\WINDOWS\system32;C:\WINDOWS;C:\WINDOWS\System32\Wbem;C:\WINDOWS\System32\WindowsPowerShell\v1.0\;C:\WINDOWS\System32\OpenSSH\;c:\Program Files (x86)\Microsoft SQL Server\100\Tools\Binn\;c:\Program Files\Microsoft SQL Server\100\Tools\Binn\;c:\Program Files\Microsoft SQL Server\100\DTS\Binn\;C:\Program Files\MATLAB\R2020a\bin;C:\Program Files\MATLAB\R2014b\runtime\win64;C:\Program Files\MATLAB\R2014b\bin;C:\Program Files\dotnet\;C:\Program Files\Microsoft SQL Server\130\Tools\Binn\;C:\Program Files\Microsoft SQL Server\Client SDK\ODBC\170\Tools\Binn\;C:\Java\jdk1.8.0_281\bin;C:\Programas\apache-ant-1.10.9\bin;C:\Programas\apache-maven-3.6.3\bin;C:\Programas\apache-tomcat-9.0.43\bin;C:\Programas\glassfish5\glassfish\bin;C:\WINDOWS\system32;C:\WINDOWS;C:\WINDOWS\System32\Wbem;C:\WINDOWS\System32\WindowsPowerShell\v1.0\;C:\WINDOWS\System32\OpenSSH\;C:\Users\pjuli\AppData\Local\Microsoft\WindowsApps;C:\Users\pjuli\AppData\Local\atom\bin;C:\Users\pjuli\AppData\Local\GitHubDesktop\bin;C:\Users\pjuli\AppData\Local\Programs\Microsoft VS Code\bin;C:\Users\pjuli\.dotnet\tools;C:\Users\pjuli\AppData\Local\Programs\MiKTeX\miktex\bin\x64\;C:\Users\pjuli\AppData\Local\Microsoft\WindowsApps;;C:\Program Files\JetBrains\IntelliJ IDEA Community Edition 2021.2.3\bin;;C:\Program Files\heroku\bin;C:\Users\pjuli\AppData\Local\Pandoc\;."/>
    <property name="java.vm.info" value="mixed mode"/>
    <property name="java.vendor" value="Oracle Corporation"/>
    <property name="java.vm.version" value="25.281-b09"/>
    <property name="java.ext.dirs" value="C:\Java\jdk1.8.0_281\jre\lib\ext;C:\WINDOWS\Sun\Java\lib\ext"/>
    <property name="sun.io.unicode.encoding" value="UnicodeLittle"/>
    <property name="java.class.version" value="52.0"/>
  </properties>
  <testcase name="isEstanActualizadosRecursosTest" classname="es.ubu.lsi.ELearningQAFacadeTest" time="0.015"/>
  <testcase name="isSonFechasCorrectasTest" classname="es.ubu.lsi.ELearningQAFacadeTest" time="0.001"/>
  <testcase name="isCalificadorMuestraPonderacionTest" classname="es.ubu.lsi.ELearningQAFacadeTest" time="0.001"/>
  <testcase name="isEstaCorregidoATiempoTest" classname="es.ubu.lsi.ELearningQAFacadeTest" time="0.001"/>
  <testcase name="isRespondeATiempoTest" classname="es.ubu.lsi.ELearningQAFacadeTest" time="0.001"/>
  <testcase name="isTieneGruposTest" classname="es.ubu.lsi.ELearningQAFacadeTest" time="0.001"/>
  <testcase name="isMuestraCriteriosTest" classname="es.ubu.lsi.ELearningQAFacadeTest" time="0.001"/>
  <testcase name="isHayRetroalimentacionTest" classname="es.ubu.lsi.ELearningQAFacadeTest" time="0.004"/>
  <testcase name="getCursoPorIdTest" classname="es.ubu.lsi.ELearningQAFacadeTest" time="0.004"/>
  <testcase name="getListaCursosTest" classname="es.ubu.lsi.ELearningQAFacadeTest" time="0.001"/>
  <testcase name="isAnidamientoCalificadorAceptableTest" classname="es.ubu.lsi.ELearningQAFacadeTest" time="0.001"/>
  <testcase name="isRespondenFeedbacksTest" classname="es.ubu.lsi.ELearningQAFacadeTest" time="0.001"/>
  <testcase name="porcentajeFraccionTest" classname="es.ubu.lsi.ELearningQAFacadeTest" time="0.001"/>
  <testcase name="isEsNotaMaxConsistenteTest" classname="es.ubu.lsi.ELearningQAFacadeTest" time="0.001"/>
  <testcase name="isSonVisiblesCondicionesTest" classname="es.ubu.lsi.ELearningQAFacadeTest" time="0"/>
  <testcase name="isHayVariedadFormatosTest" classname="es.ubu.lsi.ELearningQAFacadeTest" time="0"/>
  <testcase name="generarCampoRelativoTest" classname="es.ubu.lsi.ELearningQAFacadeTest" time="0.002"/>
  <testcase name="isAlumnosEnGruposTest" classname="es.ubu.lsi.ELearningQAFacadeTest" time="0"/>
  <testcase name="isEstaProgresoActivadoTest" classname="es.ubu.lsi.ELearningQAFacadeTest" time="0"/>
  <testcase name="isHayTareasGrupalesTest" classname="es.ubu.lsi.ELearningQAFacadeTest" time="0"/>
  <testcase name="isUsaSurveysTest" classname="es.ubu.lsi.ELearningQAFacadeTest" time="0.001"/>
</testsuite>